<?xml version="1.0" encoding="UTF-8"?>
<!--
  ~ Copyright (c) 2008-2016 Haulmont.
  ~
  ~ Licensed under the Apache License, Version 2.0 (the "License");
  ~ you may not use this file except in compliance with the License.
  ~ You may obtain a copy of the License at
  ~
  ~     http://www.apache.org/licenses/LICENSE-2.0
  ~
  ~ Unless required by applicable law or agreed to in writing, software
  ~ distributed under the License is distributed on an "AS IS" BASIS,
  ~ WITHOUT WARRANTIES OR CONDITIONS OF ANY KIND, either express or implied.
  ~ See the License for the specific language governing permissions and
  ~ limitations under the License.
  ~
  -->

<beans xmlns="http://www.springframework.org/schema/beans">

    <bean id="cuba_UserSessionSource" class="com.haulmont.cuba.testsupport.TestUserSessionSource"/>

    <bean id="cuba_MBeanExporter" class="com.haulmont.cuba.testsupport.TestMBeanExporter"/>
    <bean id="cuba_MailSender" class="com.haulmont.cuba.testsupport.TestMailSender"/>
    <bean id="cuba_Emailer" class="com.haulmont.cuba.testsupport.TestEmailer"/>
    <bean id="cuba_ClusterManager" class="com.haulmont.cuba.testsupport.TestClusterManager"/>
    <bean id="cuba_DbUpdateManager" class="com.haulmont.cuba.testsupport.TestDbUpdateManager"/>
    <bean id="mailSendTaskExecutor" class="org.springframework.core.task.SyncTaskExecutor"/>
    <bean id="cuba_JpqlSortExpressionProvider" class="com.haulmont.cuba.testsupport.TestJpqlSortExpressionProvider"/>
    <bean id="cuba_DataSourceProvider" class="com.haulmont.cuba.testsupport.TestDataSourceProvider"/>
    <bean id="cuba_MessageTools" class="com.haulmont.cuba.testsupport.TestMessageTools"/>
</beans>
